{
"contracts/LePointRouge.sol":{"l":{"69":0,"70":0,"71":0,"72":0,"73":0,"74":0,"78":0,"79":0,"82":0,"83":0,"85":0,"94":0,"97":0,"98":0,"100":0,"101":0,"103":0,"104":0,"105":0,"106":0,"107":0,"112":0,"113":0,"116":0,"117":0,"121":0,"125":0,"129":0,"133":0,"140":0,"144":0,"155":0,"159":0,"160":0,"162":0,"163":0,"166":0,"167":0},"path":"/home/giorgio/LPR/LPR-Back/contracts/LePointRouge.sol","s":{"1":0,"2":0,"3":0,"4":0,"5":0,"6":0,"7":0,"8":0,"9":0,"10":0,"11":0,"12":0,"13":0,"14":0,"15":0,"16":0,"17":0,"18":0,"19":0,"20":0,"21":0,"22":0,"23":0,"24":0,"25":0,"26":0,"27":0,"28":0,"29":0,"30":0},"b":{"1":[0,0],"2":[0,0],"3":[0,0],"4":[0,0],"5":[0,0],"6":[0,0],"7":[0,0],"8":[0,0],"9":[0,0]},"f":{"1":0,"2":0,"3":0,"4":0,"5":0,"6":0,"7":0,"8":0,"9":0,"10":0,"11":0},"fnMap":{"1":{"name":"constructor","line":68,"loc":{"start":{"line":64,"column":4},"end":{"line":75,"column":4}}},"2":{"name":"saleMint","line":77,"loc":{"start":{"line":77,"column":4},"end":{"line":109,"column":4}}},"3":{"name":"gift","line":111,"loc":{"start":{"line":111,"column":4},"end":{"line":118,"column":4}}},"4":{"name":"setUpSale","line":120,"loc":{"start":{"line":120,"column":4},"end":{"line":122,"column":4}}},"5":{"name":"reveal","line":124,"loc":{"start":{"line":124,"column":4},"end":{"line":126,"column":4}}},"6":{"name":"setBaseUri","line":128,"loc":{"start":{"line":128,"column":4},"end":{"line":130,"column":4}}},"7":{"name":"setNotRevealURI","line":132,"loc":{"start":{"line":132,"column":4},"end":{"line":134,"column":4}}},"8":{"name":"testBytesReturn","line":139,"loc":{"start":{"line":139,"column":4},"end":{"line":141,"column":4}}},"9":{"name":"testSignerRecovery","line":143,"loc":{"start":{"line":143,"column":4},"end":{"line":151,"column":4}}},"10":{"name":"_baseURI","line":154,"loc":{"start":{"line":154,"column":4},"end":{"line":156,"column":4}}},"11":{"name":"tokenURI","line":158,"loc":{"start":{"line":158,"column":4},"end":{"line":171,"column":4}}}},"statementMap":{"1":{"start":{"line":69,"column":8},"end":{"line":69,"column":38}},"2":{"start":{"line":70,"column":8},"end":{"line":70,"column":33}},"3":{"start":{"line":71,"column":8},"end":{"line":71,"column":36}},"4":{"start":{"line":72,"column":8},"end":{"line":72,"column":33}},"5":{"start":{"line":73,"column":8},"end":{"line":73,"column":30}},"6":{"start":{"line":74,"column":8},"end":{"line":74,"column":41}},"7":{"start":{"line":78,"column":8},"end":{"line":78,"column":2420}},"8":{"start":{"line":82,"column":8},"end":{"line":82,"column":2528}},"9":{"start":{"line":85,"column":8},"end":{"line":85,"column":2641}},"10":{"start":{"line":97,"column":8},"end":{"line":97,"column":2987}},"11":{"start":{"line":100,"column":8},"end":{"line":100,"column":3087}},"12":{"start":{"line":104,"column":8},"end":{"line":104,"column":52}},"13":{"start":{"line":105,"column":8},"end":{"line":105,"column":35}},"14":{"start":{"line":106,"column":8},"end":{"line":106,"column":3315}},"15":{"start":{"line":107,"column":12},"end":{"line":107,"column":38}},"16":{"start":{"line":112,"column":8},"end":{"line":112,"column":3473}},"17":{"start":{"line":116,"column":8},"end":{"line":116,"column":54}},"18":{"start":{"line":117,"column":8},"end":{"line":117,"column":35}},"19":{"start":{"line":121,"column":8},"end":{"line":121,"column":31}},"20":{"start":{"line":125,"column":8},"end":{"line":125,"column":22}},"21":{"start":{"line":129,"column":8},"end":{"line":129,"column":30}},"22":{"start":{"line":133,"column":8},"end":{"line":133,"column":41}},"23":{"start":{"line":140,"column":8},"end":{"line":140,"column":52}},"24":{"start":{"line":144,"column":8},"end":{"line":144,"column":4372}},"25":{"start":{"line":155,"column":8},"end":{"line":155,"column":24}},"26":{"start":{"line":159,"column":8},"end":{"line":159,"column":4812}},"27":{"start":{"line":162,"column":8},"end":{"line":162,"column":4903}},"28":{"start":{"line":163,"column":12},"end":{"line":163,"column":35}},"29":{"start":{"line":166,"column":8},"end":{"line":166,"column":49}},"30":{"start":{"line":167,"column":8},"end":{"line":167,"column":5047}}},"branchMap":{"1":{"line":78,"type":"if","locations":[{"start":{"line":78,"column":8},"end":{"line":78,"column":8}},{"start":{"line":78,"column":8},"end":{"line":78,"column":8}}]},"2":{"line":82,"type":"if","locations":[{"start":{"line":82,"column":8},"end":{"line":82,"column":8}},{"start":{"line":82,"column":8},"end":{"line":82,"column":8}}]},"3":{"line":85,"type":"if","locations":[{"start":{"line":85,"column":8},"end":{"line":85,"column":8}},{"start":{"line":85,"column":8},"end":{"line":85,"column":8}}]},"4":{"line":97,"type":"if","locations":[{"start":{"line":97,"column":8},"end":{"line":97,"column":8}},{"start":{"line":97,"column":8},"end":{"line":97,"column":8}}]},"5":{"line":100,"type":"if","locations":[{"start":{"line":100,"column":8},"end":{"line":100,"column":8}},{"start":{"line":100,"column":8},"end":{"line":100,"column":8}}]},"6":{"line":106,"type":"if","locations":[{"start":{"line":106,"column":8},"end":{"line":106,"column":8}},{"start":{"line":106,"column":8},"end":{"line":106,"column":8}}]},"7":{"line":112,"type":"if","locations":[{"start":{"line":112,"column":8},"end":{"line":112,"column":8}},{"start":{"line":112,"column":8},"end":{"line":112,"column":8}}]},"8":{"line":159,"type":"if","locations":[{"start":{"line":159,"column":8},"end":{"line":159,"column":8}},{"start":{"line":159,"column":8},"end":{"line":159,"column":8}}]},"9":{"line":162,"type":"if","locations":[{"start":{"line":162,"column":8},"end":{"line":162,"column":8}},{"start":{"line":162,"column":8},"end":{"line":162,"column":8}}]}}},
"contracts/LPR.sol":{"l":{"69":3,"70":3,"71":3,"72":3,"73":3,"74":3,"78":11,"79":2,"82":9,"83":1,"85":8,"94":0,"97":8,"98":1,"100":7,"101":0,"103":7,"104":7,"105":7,"106":7,"107":1,"112":1,"113":0,"115":1,"116":1,"120":4,"124":2,"128":1,"132":1,"139":0,"143":0,"154":0,"158":4,"159":1,"161":3,"162":3,"165":0,"166":0},"path":"/home/giorgio/LPR/LPR-Back/contracts/LPR.sol","s":{"1":3,"2":3,"3":3,"4":3,"5":3,"6":3,"7":11,"8":9,"9":8,"10":8,"11":7,"12":7,"13":7,"14":7,"15":1,"16":1,"17":1,"18":1,"19":4,"20":2,"21":1,"22":1,"23":0,"24":0,"25":0,"26":4,"27":3,"28":3,"29":0,"30":0},"b":{"1":[2,9],"2":[1,8],"3":[0,8],"4":[1,7],"5":[0,7],"6":[1,6],"7":[0,1],"8":[1,3],"9":[3,0]},"f":{"1":3,"2":11,"3":1,"4":4,"5":2,"6":1,"7":1,"8":0,"9":0,"10":0,"11":4},"fnMap":{"1":{"name":"constructor","line":68,"loc":{"start":{"line":64,"column":4},"end":{"line":75,"column":4}}},"2":{"name":"saleMint","line":77,"loc":{"start":{"line":77,"column":4},"end":{"line":109,"column":4}}},"3":{"name":"gift","line":111,"loc":{"start":{"line":111,"column":4},"end":{"line":117,"column":4}}},"4":{"name":"setUpSale","line":119,"loc":{"start":{"line":119,"column":4},"end":{"line":121,"column":4}}},"5":{"name":"reveal","line":123,"loc":{"start":{"line":123,"column":4},"end":{"line":125,"column":4}}},"6":{"name":"setBaseUri","line":127,"loc":{"start":{"line":127,"column":4},"end":{"line":129,"column":4}}},"7":{"name":"setNotRevealURI","line":131,"loc":{"start":{"line":131,"column":4},"end":{"line":133,"column":4}}},"8":{"name":"testBytesReturn","line":138,"loc":{"start":{"line":138,"column":4},"end":{"line":140,"column":4}}},"9":{"name":"testSignerRecovery","line":142,"loc":{"start":{"line":142,"column":4},"end":{"line":150,"column":4}}},"10":{"name":"_baseURI","line":153,"loc":{"start":{"line":153,"column":4},"end":{"line":155,"column":4}}},"11":{"name":"tokenURI","line":157,"loc":{"start":{"line":157,"column":4},"end":{"line":170,"column":4}}}},"statementMap":{"1":{"start":{"line":69,"column":8},"end":{"line":69,"column":38}},"2":{"start":{"line":70,"column":8},"end":{"line":70,"column":33}},"3":{"start":{"line":71,"column":8},"end":{"line":71,"column":36}},"4":{"start":{"line":72,"column":8},"end":{"line":72,"column":33}},"5":{"start":{"line":73,"column":8},"end":{"line":73,"column":30}},"6":{"start":{"line":74,"column":8},"end":{"line":74,"column":41}},"7":{"start":{"line":78,"column":8},"end":{"line":78,"column":2558}},"8":{"start":{"line":82,"column":8},"end":{"line":82,"column":2666}},"9":{"start":{"line":85,"column":8},"end":{"line":85,"column":2779}},"10":{"start":{"line":97,"column":8},"end":{"line":97,"column":3125}},"11":{"start":{"line":100,"column":8},"end":{"line":100,"column":3225}},"12":{"start":{"line":104,"column":8},"end":{"line":104,"column":52}},"13":{"start":{"line":105,"column":8},"end":{"line":105,"column":35}},"14":{"start":{"line":106,"column":8},"end":{"line":106,"column":3453}},"15":{"start":{"line":107,"column":12},"end":{"line":107,"column":38}},"16":{"start":{"line":112,"column":8},"end":{"line":112,"column":3611}},"17":{"start":{"line":115,"column":8},"end":{"line":115,"column":54}},"18":{"start":{"line":116,"column":8},"end":{"line":116,"column":35}},"19":{"start":{"line":120,"column":8},"end":{"line":120,"column":31}},"20":{"start":{"line":124,"column":8},"end":{"line":124,"column":22}},"21":{"start":{"line":128,"column":8},"end":{"line":128,"column":30}},"22":{"start":{"line":132,"column":8},"end":{"line":132,"column":41}},"23":{"start":{"line":139,"column":8},"end":{"line":139,"column":52}},"24":{"start":{"line":143,"column":8},"end":{"line":143,"column":4509}},"25":{"start":{"line":154,"column":8},"end":{"line":154,"column":24}},"26":{"start":{"line":158,"column":8},"end":{"line":158,"column":4949}},"27":{"start":{"line":161,"column":8},"end":{"line":161,"column":5040}},"28":{"start":{"line":162,"column":12},"end":{"line":162,"column":35}},"29":{"start":{"line":165,"column":8},"end":{"line":165,"column":49}},"30":{"start":{"line":166,"column":8},"end":{"line":166,"column":5184}}},"branchMap":{"1":{"line":78,"type":"if","locations":[{"start":{"line":78,"column":8},"end":{"line":78,"column":8}},{"start":{"line":78,"column":8},"end":{"line":78,"column":8}}]},"2":{"line":82,"type":"if","locations":[{"start":{"line":82,"column":8},"end":{"line":82,"column":8}},{"start":{"line":82,"column":8},"end":{"line":82,"column":8}}]},"3":{"line":85,"type":"if","locations":[{"start":{"line":85,"column":8},"end":{"line":85,"column":8}},{"start":{"line":85,"column":8},"end":{"line":85,"column":8}}]},"4":{"line":97,"type":"if","locations":[{"start":{"line":97,"column":8},"end":{"line":97,"column":8}},{"start":{"line":97,"column":8},"end":{"line":97,"column":8}}]},"5":{"line":100,"type":"if","locations":[{"start":{"line":100,"column":8},"end":{"line":100,"column":8}},{"start":{"line":100,"column":8},"end":{"line":100,"column":8}}]},"6":{"line":106,"type":"if","locations":[{"start":{"line":106,"column":8},"end":{"line":106,"column":8}},{"start":{"line":106,"column":8},"end":{"line":106,"column":8}}]},"7":{"line":112,"type":"if","locations":[{"start":{"line":112,"column":8},"end":{"line":112,"column":8}},{"start":{"line":112,"column":8},"end":{"line":112,"column":8}}]},"8":{"line":158,"type":"if","locations":[{"start":{"line":158,"column":8},"end":{"line":158,"column":8}},{"start":{"line":158,"column":8},"end":{"line":158,"column":8}}]},"9":{"line":161,"type":"if","locations":[{"start":{"line":161,"column":8},"end":{"line":161,"column":8}},{"start":{"line":161,"column":8},"end":{"line":161,"column":8}}]}}}}
