TN:
SF:/home/giorgio/LPR/LPR-Back/contracts/LePointRouge.sol
FN:68,constructor
FN:77,saleMint
FN:111,gift
FN:120,setUpSale
FN:124,reveal
FN:128,setBaseUri
FN:132,setNotRevealURI
FN:139,testBytesReturn
FN:143,testSignerRecovery
FN:154,_baseURI
FN:158,tokenURI
FNF:11
FNH:0
FNDA:0,constructor
FNDA:0,saleMint
FNDA:0,gift
FNDA:0,setUpSale
FNDA:0,reveal
FNDA:0,setBaseUri
FNDA:0,setNotRevealURI
FNDA:0,testBytesReturn
FNDA:0,testSignerRecovery
FNDA:0,_baseURI
FNDA:0,tokenURI
DA:69,0
DA:70,0
DA:71,0
DA:72,0
DA:73,0
DA:74,0
DA:78,0
DA:79,0
DA:82,0
DA:83,0
DA:85,0
DA:94,0
DA:97,0
DA:98,0
DA:100,0
DA:101,0
DA:103,0
DA:104,0
DA:105,0
DA:106,0
DA:107,0
DA:112,0
DA:113,0
DA:116,0
DA:117,0
DA:121,0
DA:125,0
DA:129,0
DA:133,0
DA:140,0
DA:144,0
DA:155,0
DA:159,0
DA:160,0
DA:162,0
DA:163,0
DA:166,0
DA:167,0
LF:38
LH:0
BRDA:78,1,0,0
BRDA:78,1,1,0
BRDA:82,2,0,0
BRDA:82,2,1,0
BRDA:85,3,0,0
BRDA:85,3,1,0
BRDA:97,4,0,0
BRDA:97,4,1,0
BRDA:100,5,0,0
BRDA:100,5,1,0
BRDA:106,6,0,0
BRDA:106,6,1,0
BRDA:112,7,0,0
BRDA:112,7,1,0
BRDA:159,8,0,0
BRDA:159,8,1,0
BRDA:162,9,0,0
BRDA:162,9,1,0
BRF:18
BRH:0
end_of_record
TN:
SF:/home/giorgio/LPR/LPR-Back/contracts/LPR.sol
FN:68,constructor
FN:77,saleMint
FN:111,gift
FN:119,setUpSale
FN:123,reveal
FN:127,setBaseUri
FN:131,setNotRevealURI
FN:138,testBytesReturn
FN:142,testSignerRecovery
FN:153,_baseURI
FN:157,tokenURI
FNF:11
FNH:8
FNDA:3,constructor
FNDA:11,saleMint
FNDA:1,gift
FNDA:4,setUpSale
FNDA:2,reveal
FNDA:1,setBaseUri
FNDA:1,setNotRevealURI
FNDA:0,testBytesReturn
FNDA:0,testSignerRecovery
FNDA:0,_baseURI
FNDA:4,tokenURI
DA:69,3
DA:70,3
DA:71,3
DA:72,3
DA:73,3
DA:74,3
DA:78,11
DA:79,2
DA:82,9
DA:83,1
DA:85,8
DA:94,0
DA:97,8
DA:98,1
DA:100,7
DA:101,0
DA:103,7
DA:104,7
DA:105,7
DA:106,7
DA:107,1
DA:112,1
DA:113,0
DA:115,1
DA:116,1
DA:120,4
DA:124,2
DA:128,1
DA:132,1
DA:139,0
DA:143,0
DA:154,0
DA:158,4
DA:159,1
DA:161,3
DA:162,3
DA:165,0
DA:166,0
LF:38
LH:30
BRDA:78,1,0,2
BRDA:78,1,1,9
BRDA:82,2,0,1
BRDA:82,2,1,8
BRDA:85,3,0,0
BRDA:85,3,1,8
BRDA:97,4,0,1
BRDA:97,4,1,7
BRDA:100,5,0,0
BRDA:100,5,1,7
BRDA:106,6,0,1
BRDA:106,6,1,6
BRDA:112,7,0,0
BRDA:112,7,1,1
BRDA:158,8,0,1
BRDA:158,8,1,3
BRDA:161,9,0,3
BRDA:161,9,1,0
BRF:18
BRH:14
end_of_record
